{"name": "test_login_nopw", "status": "failed", "statusDetails": {"message": "AssertionError: assert '1' == 1\n  +'1'\n  -1", "trace": "self = <qx_testcase.test_feature_story.TestLogin object at 0x104d32d60>\n\n    @allure.story(\"密码缺失\")\n    def test_login_nopw(self):\n        with allure.step(\"点击用户名\"):\n            print(\"输入用户名\")\n        with allure.step(\"点击密码\"):\n            print(\"输入密码\")\n        print(\"点击登陆\")\n        with allure.step(\"点击登陆之后登陆失败\"):\n>           assert '1' == 1\nE           AssertionError: assert '1' == 1\nE             +'1'\nE             -1\n\ntest_feature_story.py:30: AssertionError"}, "steps": [{"name": "点击用户名", "status": "passed", "start": 1637053656969, "stop": 1637053656969}, {"name": "点击密码", "status": "passed", "start": 1637053656970, "stop": 1637053656970}, {"name": "点击登陆之后登陆失败", "status": "failed", "statusDetails": {"message": "AssertionError: assert '1' == 1\n  +'1'\n  -1\n", "trace": "  File \"/Users/apple/PycharmProjects/pythonProject/qx_testcase/test_feature_story.py\", line 30, in test_login_nopw\n    assert '1' == 1\n"}, "start": 1637053656970, "stop": 1637053656971}], "attachments": [{"name": "stdout", "source": "80c4ebb0-db19-4b4f-bd68-fa2ff3b5ec4d-attachment.txt", "type": "text/plain"}], "start": 1637053656964, "stop": 1637053656972, "uuid": "726aedd2-3806-400e-8310-e98985c00ee0", "historyId": "32185994f0202941ec97d4edc56ff602", "testCaseId": "74803edbd0a509d97a4da5043ea4f5e0", "fullName": "test_feature_story.TestLogin#test_login_nopw", "labels": [{"name": "feature", "value": "登陆模块"}, {"name": "story", "value": "密码缺失"}, {"name": "suite", "value": "test_feature_story"}, {"name": "subSuite", "value": "TestLogin"}, {"name": "host", "value": "localhost"}, {"name": "thread", "value": "1878-MainThread"}, {"name": "framework", "value": "pytest"}, {"name": "language", "value": "cpython3"}, {"name": "package", "value": "test_feature_story"}]}